Loading python/3.10.8-gpu
  Loading requirement: nvidia/nvhpc-nompi/22.2 gcc/10.2.0
    openmpi/4.1.6-cuda-11.6
Loading pytorch/1.13.1-gpu
  Loading requirement: nvidia/cudnn/8.6.0-cuda-11.6 nvidia/tensorrt/8.4.3.1-u2
    libsndfile/1.0.28
[32m13:27:11 INFO: This is wandb-osh v1.2.2 using communication directory /work/tc062/tc062/s2501147/autoencoder[0m
wandb: Tracking run with wandb version 0.16.3
wandb: W&B syncing is set to `offline` in this directory.  
wandb: Run `wandb online` or set WANDB_MODE=online to enable cloud syncing.
working directory:  /mnt/lustre/e1000/home/tc062/tc062/s2501147/autoencoder
working directory:  /mnt/lustre/e1000/home/tc062/tc062/s2501147/autoencoder
device:  cuda
[33m13:27:42 WARNING: Syncing not active or too slow: Command /work/tc062/tc062/s2501147/autoencoder/1c1f71.command file still exists[0m
[33m13:27:51 WARNING: Syncing not active or too slow: Command /work/tc062/tc062/s2501147/autoencoder/1c1f71.command file still exists[0m
[33m13:28:00 WARNING: Syncing not active or too slow: Command /work/tc062/tc062/s2501147/autoencoder/1c1f71.command file still exists[0m
[33m13:28:09 WARNING: Syncing not active or too slow: Command /work/tc062/tc062/s2501147/autoencoder/1c1f71.command file still exists[0m
[33m13:28:17 WARNING: Syncing not active or too slow: Command /work/tc062/tc062/s2501147/autoencoder/1c1f71.command file still exists[0m
[33m13:28:24 WARNING: Syncing not active or too slow: Command /work/tc062/tc062/s2501147/autoencoder/1c1f71.command file still exists[0m
[33m13:28:31 WARNING: Syncing not active or too slow: Command /work/tc062/tc062/s2501147/autoencoder/1c1f71.command file still exists[0m
[33m13:28:37 WARNING: Syncing not active or too slow: Command /work/tc062/tc062/s2501147/autoencoder/1c1f71.command file still exists[0m
[33m13:28:44 WARNING: Syncing not active or too slow: Command /work/tc062/tc062/s2501147/autoencoder/1c1f71.command file still exists[0m
[33m13:28:50 WARNING: Syncing not active or too slow: Command /work/tc062/tc062/s2501147/autoencoder/1c1f71.command file still exists[0m
[33m13:28:55 WARNING: Syncing not active or too slow: Command /work/tc062/tc062/s2501147/autoencoder/1c1f71.command file still exists[0m
[33m13:29:01 WARNING: Syncing not active or too slow: Command /work/tc062/tc062/s2501147/autoencoder/1c1f71.command file still exists[0m
[33m13:29:06 WARNING: Syncing not active or too slow: Command /work/tc062/tc062/s2501147/autoencoder/1c1f71.command file still exists[0m
[33m13:29:11 WARNING: Syncing not active or too slow: Command /work/tc062/tc062/s2501147/autoencoder/1c1f71.command file still exists[0m
[33m13:29:16 WARNING: Syncing not active or too slow: Command /work/tc062/tc062/s2501147/autoencoder/1c1f71.command file still exists[0m
[33m13:29:21 WARNING: Syncing not active or too slow: Command /work/tc062/tc062/s2501147/autoencoder/1c1f71.command file still exists[0m
[33m13:29:26 WARNING: Syncing not active or too slow: Command /work/tc062/tc062/s2501147/autoencoder/1c1f71.command file still exists[0m
[33m13:29:32 WARNING: Syncing not active or too slow: Command /work/tc062/tc062/s2501147/autoencoder/1c1f71.command file still exists[0m
[33m13:29:36 WARNING: Syncing not active or too slow: Command /work/tc062/tc062/s2501147/autoencoder/1c1f71.command file still exists[0m
[33m13:29:41 WARNING: Syncing not active or too slow: Command /work/tc062/tc062/s2501147/autoencoder/1c1f71.command file still exists[0m
[33m13:29:45 WARNING: Syncing not active or too slow: Command /work/tc062/tc062/s2501147/autoencoder/1c1f71.command file still exists[0m
[33m13:29:51 WARNING: Syncing not active or too slow: Command /work/tc062/tc062/s2501147/autoencoder/1c1f71.command file still exists[0m
[33m13:29:55 WARNING: Syncing not active or too slow: Command /work/tc062/tc062/s2501147/autoencoder/1c1f71.command file still exists[0m
[33m13:30:00 WARNING: Syncing not active or too slow: Command /work/tc062/tc062/s2501147/autoencoder/1c1f71.command file still exists[0m
[33m13:30:05 WARNING: Syncing not active or too slow: Command /work/tc062/tc062/s2501147/autoencoder/1c1f71.command file still exists[0m
[33m13:30:09 WARNING: Syncing not active or too slow: Command /work/tc062/tc062/s2501147/autoencoder/1c1f71.command file still exists[0m
[33m13:30:14 WARNING: Syncing not active or too slow: Command /work/tc062/tc062/s2501147/autoencoder/1c1f71.command file still exists[0m
[33m13:30:18 WARNING: Syncing not active or too slow: Command /work/tc062/tc062/s2501147/autoencoder/1c1f71.command file still exists[0m
[33m13:30:23 WARNING: Syncing not active or too slow: Command /work/tc062/tc062/s2501147/autoencoder/1c1f71.command file still exists[0m
[33m13:30:27 WARNING: Syncing not active or too slow: Command /work/tc062/tc062/s2501147/autoencoder/1c1f71.command file still exists[0m
[33m13:30:31 WARNING: Syncing not active or too slow: Command /work/tc062/tc062/s2501147/autoencoder/1c1f71.command file still exists[0m
[33m13:30:35 WARNING: Syncing not active or too slow: Command /work/tc062/tc062/s2501147/autoencoder/1c1f71.command file still exists[0m
[33m13:30:40 WARNING: Syncing not active or too slow: Command /work/tc062/tc062/s2501147/autoencoder/1c1f71.command file still exists[0m
[33m13:30:44 WARNING: Syncing not active or too slow: Command /work/tc062/tc062/s2501147/autoencoder/1c1f71.command file still exists[0m
[33m13:30:48 WARNING: Syncing not active or too slow: Command /work/tc062/tc062/s2501147/autoencoder/1c1f71.command file still exists[0m
[33m13:30:52 WARNING: Syncing not active or too slow: Command /work/tc062/tc062/s2501147/autoencoder/1c1f71.command file still exists[0m
[33m13:30:57 WARNING: Syncing not active or too slow: Command /work/tc062/tc062/s2501147/autoencoder/1c1f71.command file still exists[0m
[33m13:31:01 WARNING: Syncing not active or too slow: Command /work/tc062/tc062/s2501147/autoencoder/1c1f71.command file still exists[0m
[33m13:31:05 WARNING: Syncing not active or too slow: Command /work/tc062/tc062/s2501147/autoencoder/1c1f71.command file still exists[0m
Train Epoch: 1 [0/24515 (0%)]	Loss: 10.716528
Train Epoch: 1 [640/24515 (3%)]	Loss: 9.233754
Train Epoch: 1 [1280/24515 (5%)]	Loss: 9.121716
Train Epoch: 1 [1920/24515 (8%)]	Loss: 9.083953
Train Epoch: 1 [2560/24515 (10%)]	Loss: 9.125794
Train Epoch: 1 [3200/24515 (13%)]	Loss: 8.785484
Train Epoch: 1 [3840/24515 (16%)]	Loss: 8.527404
Train Epoch: 1 [4480/24515 (18%)]	Loss: 8.590787
Train Epoch: 1 [5120/24515 (21%)]	Loss: 8.447442
Train Epoch: 1 [5760/24515 (23%)]	Loss: 8.431041
Train Epoch: 1 [6400/24515 (26%)]	Loss: 8.194412
Train Epoch: 1 [7040/24515 (29%)]	Loss: 8.620166
Train Epoch: 1 [7680/24515 (31%)]	Loss: 8.445014
Train Epoch: 1 [8320/24515 (34%)]	Loss: 8.242162
Train Epoch: 1 [8960/24515 (36%)]	Loss: 8.464436
Train Epoch: 1 [9600/24515 (39%)]	Loss: 8.405623
Train Epoch: 1 [10240/24515 (42%)]	Loss: 8.275573
Train Epoch: 1 [10880/24515 (44%)]	Loss: 8.252742
Train Epoch: 1 [11520/24515 (47%)]	Loss: 8.351517
Train Epoch: 1 [12160/24515 (49%)]	Loss: 8.264269
Train Epoch: 1 [12800/24515 (52%)]	Loss: 8.071055
Train Epoch: 1 [13440/24515 (55%)]	Loss: 8.264052
Train Epoch: 1 [14080/24515 (57%)]	Loss: 8.110887
Train Epoch: 1 [14720/24515 (60%)]	Loss: 8.201089
Train Epoch: 1 [15360/24515 (62%)]	Loss: 8.171963
Train Epoch: 1 [16000/24515 (65%)]	Loss: 8.171517
Train Epoch: 1 [16640/24515 (68%)]	Loss: 8.144696
Train Epoch: 1 [17280/24515 (70%)]	Loss: 8.037682
Train Epoch: 1 [17920/24515 (73%)]	Loss: 8.148158
Train Epoch: 1 [18560/24515 (76%)]	Loss: 7.970345
Train Epoch: 1 [19200/24515 (78%)]	Loss: 7.790856
Train Epoch: 1 [19840/24515 (81%)]	Loss: 7.991755
Train Epoch: 1 [20480/24515 (83%)]	Loss: 8.111964
Train Epoch: 1 [21120/24515 (86%)]	Loss: 7.565913
Train Epoch: 1 [21760/24515 (89%)]	Loss: 7.815319
Train Epoch: 1 [22400/24515 (91%)]	Loss: 7.867962
Train Epoch: 1 [23040/24515 (94%)]	Loss: 8.210553
Train Epoch: 1 [23680/24515 (96%)]	Loss: 8.027249
Train Epoch: 1 [24320/24515 (99%)]	Loss: 7.995671

Test set: Average loss: 8.1619

[33m13:31:33 WARNING: Syncing not active or too slow: Command /work/tc062/tc062/s2501147/autoencoder/1c1f71.command file still exists[0m
[33m13:31:34 WARNING: Syncing not active or too slow: Command /work/tc062/tc062/s2501147/autoencoder/1c1f71.command file still exists[0m
[33m13:31:35 WARNING: Syncing not active or too slow: Command /work/tc062/tc062/s2501147/autoencoder/1c1f71.command file still exists[0m
[33m13:31:37 WARNING: Syncing not active or too slow: Command /work/tc062/tc062/s2501147/autoencoder/1c1f71.command file still exists[0m
[33m13:31:38 WARNING: Syncing not active or too slow: Command /work/tc062/tc062/s2501147/autoencoder/1c1f71.command file still exists[0m
[33m13:31:39 WARNING: Syncing not active or too slow: Command /work/tc062/tc062/s2501147/autoencoder/1c1f71.command file still exists[0m
[33m13:31:40 WARNING: Syncing not active or too slow: Command /work/tc062/tc062/s2501147/autoencoder/1c1f71.command file still exists[0m
[33m13:31:42 WARNING: Syncing not active or too slow: Command /work/tc062/tc062/s2501147/autoencoder/1c1f71.command file still exists[0m
[33m13:31:43 WARNING: Syncing not active or too slow: Command /work/tc062/tc062/s2501147/autoencoder/1c1f71.command file still exists[0m
[33m13:31:44 WARNING: Syncing not active or too slow: Command /work/tc062/tc062/s2501147/autoencoder/1c1f71.command file still exists[0m
[33m13:31:45 WARNING: Syncing not active or too slow: Command /work/tc062/tc062/s2501147/autoencoder/1c1f71.command file still exists[0m
[33m13:31:46 WARNING: Syncing not active or too slow: Command /work/tc062/tc062/s2501147/autoencoder/1c1f71.command file still exists[0m
[33m13:31:47 WARNING: Syncing not active or too slow: Command /work/tc062/tc062/s2501147/autoencoder/1c1f71.command file still exists[0m
[33m13:31:48 WARNING: Syncing not active or too slow: Command /work/tc062/tc062/s2501147/autoencoder/1c1f71.command file still exists[0m
[33m13:31:49 WARNING: Syncing not active or too slow: Command /work/tc062/tc062/s2501147/autoencoder/1c1f71.command file still exists[0m
[33m13:31:51 WARNING: Syncing not active or too slow: Command /work/tc062/tc062/s2501147/autoencoder/1c1f71.command file still exists[0m
[33m13:31:52 WARNING: Syncing not active or too slow: Command /work/tc062/tc062/s2501147/autoencoder/1c1f71.command file still exists[0m
[33m13:31:53 WARNING: Syncing not active or too slow: Command /work/tc062/tc062/s2501147/autoencoder/1c1f71.command file still exists[0m
[33m13:31:54 WARNING: Syncing not active or too slow: Command /work/tc062/tc062/s2501147/autoencoder/1c1f71.command file still exists[0m
[33m13:31:56 WARNING: Syncing not active or too slow: Command /work/tc062/tc062/s2501147/autoencoder/1c1f71.command file still exists[0m
[33m13:31:57 WARNING: Syncing not active or too slow: Command /work/tc062/tc062/s2501147/autoencoder/1c1f71.command file still exists[0m
[33m13:31:58 WARNING: Syncing not active or too slow: Command /work/tc062/tc062/s2501147/autoencoder/1c1f71.command file still exists[0m
[33m13:31:59 WARNING: Syncing not active or too slow: Command /work/tc062/tc062/s2501147/autoencoder/1c1f71.command file still exists[0m
[33m13:32:00 WARNING: Syncing not active or too slow: Command /work/tc062/tc062/s2501147/autoencoder/1c1f71.command file still exists[0m
[33m13:32:02 WARNING: Syncing not active or too slow: Command /work/tc062/tc062/s2501147/autoencoder/1c1f71.command file still exists[0m
[33m13:32:03 WARNING: Syncing not active or too slow: Command /work/tc062/tc062/s2501147/autoencoder/1c1f71.command file still exists[0m
[33m13:32:04 WARNING: Syncing not active or too slow: Command /work/tc062/tc062/s2501147/autoencoder/1c1f71.command file still exists[0m
[33m13:32:06 WARNING: Syncing not active or too slow: Command /work/tc062/tc062/s2501147/autoencoder/1c1f71.command file still exists[0m
[33m13:32:07 WARNING: Syncing not active or too slow: Command /work/tc062/tc062/s2501147/autoencoder/1c1f71.command file still exists[0m
[33m13:32:08 WARNING: Syncing not active or too slow: Command /work/tc062/tc062/s2501147/autoencoder/1c1f71.command file still exists[0m
[33m13:32:10 WARNING: Syncing not active or too slow: Command /work/tc062/tc062/s2501147/autoencoder/1c1f71.command file still exists[0m
[33m13:32:11 WARNING: Syncing not active or too slow: Command /work/tc062/tc062/s2501147/autoencoder/1c1f71.command file still exists[0m
[33m13:32:12 WARNING: Syncing not active or too slow: Command /work/tc062/tc062/s2501147/autoencoder/1c1f71.command file still exists[0m
[33m13:32:13 WARNING: Syncing not active or too slow: Command /work/tc062/tc062/s2501147/autoencoder/1c1f71.command file still exists[0m
[33m13:32:14 WARNING: Syncing not active or too slow: Command /work/tc062/tc062/s2501147/autoencoder/1c1f71.command file still exists[0m
[33m13:32:16 WARNING: Syncing not active or too slow: Command /work/tc062/tc062/s2501147/autoencoder/1c1f71.command file still exists[0m
[33m13:32:17 WARNING: Syncing not active or too slow: Command /work/tc062/tc062/s2501147/autoencoder/1c1f71.command file still exists[0m
[33m13:32:18 WARNING: Syncing not active or too slow: Command /work/tc062/tc062/s2501147/autoencoder/1c1f71.command file still exists[0m
[33m13:32:19 WARNING: Syncing not active or too slow: Command /work/tc062/tc062/s2501147/autoencoder/1c1f71.command file still exists[0m
Train Epoch: 2 [0/24515 (0%)]	Loss: 8.068115
Train Epoch: 2 [640/24515 (3%)]	Loss: 7.985381
Train Epoch: 2 [1280/24515 (5%)]	Loss: 7.987555
Train Epoch: 2 [1920/24515 (8%)]	Loss: 7.956001
Train Epoch: 2 [2560/24515 (10%)]	Loss: 7.892819
Train Epoch: 2 [3200/24515 (13%)]	Loss: 7.926800
Train Epoch: 2 [3840/24515 (16%)]	Loss: 7.931344
Train Epoch: 2 [4480/24515 (18%)]	Loss: 7.740807
Train Epoch: 2 [5120/24515 (21%)]	Loss: 8.113544
Train Epoch: 2 [5760/24515 (23%)]	Loss: 8.264249
Train Epoch: 2 [6400/24515 (26%)]	Loss: 7.857399
Train Epoch: 2 [7040/24515 (29%)]	Loss: 7.866346
Train Epoch: 2 [7680/24515 (31%)]	Loss: 7.630587
Train Epoch: 2 [8320/24515 (34%)]	Loss: 7.669680
Train Epoch: 2 [8960/24515 (36%)]	Loss: 7.783696
Train Epoch: 2 [9600/24515 (39%)]	Loss: 7.624490
Train Epoch: 2 [10240/24515 (42%)]	Loss: 7.704713
Train Epoch: 2 [10880/24515 (44%)]	Loss: 7.789654
Train Epoch: 2 [11520/24515 (47%)]	Loss: 8.120124
Train Epoch: 2 [12160/24515 (49%)]	Loss: 8.130757
Train Epoch: 2 [12800/24515 (52%)]	Loss: 7.706182
Train Epoch: 2 [13440/24515 (55%)]	Loss: 7.758435
Train Epoch: 2 [14080/24515 (57%)]	Loss: 7.595821
Train Epoch: 2 [14720/24515 (60%)]	Loss: 8.007699
Train Epoch: 2 [15360/24515 (62%)]	Loss: 7.746319
Train Epoch: 2 [16000/24515 (65%)]	Loss: 7.523590
Train Epoch: 2 [16640/24515 (68%)]	Loss: 7.923859
Train Epoch: 2 [17280/24515 (70%)]	Loss: 7.580425
Train Epoch: 2 [17920/24515 (73%)]	Loss: 7.658289
Train Epoch: 2 [18560/24515 (76%)]	Loss: 7.667607
Train Epoch: 2 [19200/24515 (78%)]	Loss: 7.541420
Train Epoch: 2 [19840/24515 (81%)]	Loss: 7.680739
Train Epoch: 2 [20480/24515 (83%)]	Loss: 7.867497
Train Epoch: 2 [21120/24515 (86%)]	Loss: 7.957062
Train Epoch: 2 [21760/24515 (89%)]	Loss: 7.615582
Train Epoch: 2 [22400/24515 (91%)]	Loss: 8.048021
Train Epoch: 2 [23040/24515 (94%)]	Loss: 7.636569
Train Epoch: 2 [23680/24515 (96%)]	Loss: 7.436591
Train Epoch: 2 [24320/24515 (99%)]	Loss: 7.759871

Test set: Average loss: 7.6878

[33m13:32:26 WARNING: Syncing not active or too slow: Command /work/tc062/tc062/s2501147/autoencoder/1c1f71.command file still exists[0m
[33m13:32:27 WARNING: Syncing not active or too slow: Command /work/tc062/tc062/s2501147/autoencoder/1c1f71.command file still exists[0m
[33m13:32:28 WARNING: Syncing not active or too slow: Command /work/tc062/tc062/s2501147/autoencoder/1c1f71.command file still exists[0m
[33m13:32:29 WARNING: Syncing not active or too slow: Command /work/tc062/tc062/s2501147/autoencoder/1c1f71.command file still exists[0m
[33m13:32:30 WARNING: Syncing not active or too slow: Command /work/tc062/tc062/s2501147/autoencoder/1c1f71.command file still exists[0m
[33m13:32:31 WARNING: Syncing not active or too slow: Command /work/tc062/tc062/s2501147/autoencoder/1c1f71.command file still exists[0m
[33m13:32:32 WARNING: Syncing not active or too slow: Command /work/tc062/tc062/s2501147/autoencoder/1c1f71.command file still exists[0m
[33m13:32:34 WARNING: Syncing not active or too slow: Command /work/tc062/tc062/s2501147/autoencoder/1c1f71.command file still exists[0m
[33m13:32:35 WARNING: Syncing not active or too slow: Command /work/tc062/tc062/s2501147/autoencoder/1c1f71.command file still exists[0m
[33m13:32:36 WARNING: Syncing not active or too slow: Command /work/tc062/tc062/s2501147/autoencoder/1c1f71.command file still exists[0m
[33m13:32:37 WARNING: Syncing not active or too slow: Command /work/tc062/tc062/s2501147/autoencoder/1c1f71.command file still exists[0m
[33m13:32:38 WARNING: Syncing not active or too slow: Command /work/tc062/tc062/s2501147/autoencoder/1c1f71.command file still exists[0m
[33m13:32:39 WARNING: Syncing not active or too slow: Command /work/tc062/tc062/s2501147/autoencoder/1c1f71.command file still exists[0m
[33m13:32:40 WARNING: Syncing not active or too slow: Command /work/tc062/tc062/s2501147/autoencoder/1c1f71.command file still exists[0m
[33m13:32:41 WARNING: Syncing not active or too slow: Command /work/tc062/tc062/s2501147/autoencoder/1c1f71.command file still exists[0m
[33m13:32:42 WARNING: Syncing not active or too slow: Command /work/tc062/tc062/s2501147/autoencoder/1c1f71.command file still exists[0m
[33m13:32:43 WARNING: Syncing not active or too slow: Command /work/tc062/tc062/s2501147/autoencoder/1c1f71.command file still exists[0m
[33m13:32:45 WARNING: Syncing not active or too slow: Command /work/tc062/tc062/s2501147/autoencoder/1c1f71.command file still exists[0m
[33m13:32:46 WARNING: Syncing not active or too slow: Command /work/tc062/tc062/s2501147/autoencoder/1c1f71.command file still exists[0m
[33m13:32:47 WARNING: Syncing not active or too slow: Command /work/tc062/tc062/s2501147/autoencoder/1c1f71.command file still exists[0m
[33m13:32:48 WARNING: Syncing not active or too slow: Command /work/tc062/tc062/s2501147/autoencoder/1c1f71.command file still exists[0m
[33m13:32:49 WARNING: Syncing not active or too slow: Command /work/tc062/tc062/s2501147/autoencoder/1c1f71.command file still exists[0m
[33m13:32:50 WARNING: Syncing not active or too slow: Command /work/tc062/tc062/s2501147/autoencoder/1c1f71.command file still exists[0m
[33m13:32:51 WARNING: Syncing not active or too slow: Command /work/tc062/tc062/s2501147/autoencoder/1c1f71.command file still exists[0m
[33m13:32:53 WARNING: Syncing not active or too slow: Command /work/tc062/tc062/s2501147/autoencoder/1c1f71.command file still exists[0m
[33m13:32:54 WARNING: Syncing not active or too slow: Command /work/tc062/tc062/s2501147/autoencoder/1c1f71.command file still exists[0m
[33m13:32:55 WARNING: Syncing not active or too slow: Command /work/tc062/tc062/s2501147/autoencoder/1c1f71.command file still exists[0m
[33m13:32:56 WARNING: Syncing not active or too slow: Command /work/tc062/tc062/s2501147/autoencoder/1c1f71.command file still exists[0m
[33m13:32:57 WARNING: Syncing not active or too slow: Command /work/tc062/tc062/s2501147/autoencoder/1c1f71.command file still exists[0m
[33m13:32:57 WARNING: Syncing not active or too slow: Command /work/tc062/tc062/s2501147/autoencoder/1c1f71.command file still exists[0m
[33m13:32:58 WARNING: Syncing not active or too slow: Command /work/tc062/tc062/s2501147/autoencoder/1c1f71.command file still exists[0m
[33m13:33:00 WARNING: Syncing not active or too slow: Command /work/tc062/tc062/s2501147/autoencoder/1c1f71.command file still exists[0m
[33m13:33:01 WARNING: Syncing not active or too slow: Command /work/tc062/tc062/s2501147/autoencoder/1c1f71.command file still exists[0m
[33m13:33:02 WARNING: Syncing not active or too slow: Command /work/tc062/tc062/s2501147/autoencoder/1c1f71.command file still exists[0m
[33m13:33:02 WARNING: Syncing not active or too slow: Command /work/tc062/tc062/s2501147/autoencoder/1c1f71.command file still exists[0m
[33m13:33:03 WARNING: Syncing not active or too slow: Command /work/tc062/tc062/s2501147/autoencoder/1c1f71.command file still exists[0m
[33m13:33:04 WARNING: Syncing not active or too slow: Command /work/tc062/tc062/s2501147/autoencoder/1c1f71.command file still exists[0m
[33m13:33:05 WARNING: Syncing not active or too slow: Command /work/tc062/tc062/s2501147/autoencoder/1c1f71.command file still exists[0m
[33m13:33:06 WARNING: Syncing not active or too slow: Command /work/tc062/tc062/s2501147/autoencoder/1c1f71.command file still exists[0m
Train Epoch: 3 [0/24515 (0%)]	Loss: 7.420616
Train Epoch: 3 [640/24515 (3%)]	Loss: 7.521912
Train Epoch: 3 [1280/24515 (5%)]	Loss: 7.560257
Train Epoch: 3 [1920/24515 (8%)]	Loss: 7.731678
Train Epoch: 3 [2560/24515 (10%)]	Loss: 7.617815
Train Epoch: 3 [3200/24515 (13%)]	Loss: 7.633032
Train Epoch: 3 [3840/24515 (16%)]	Loss: 7.785452
Train Epoch: 3 [4480/24515 (18%)]	Loss: 7.533308
Train Epoch: 3 [5120/24515 (21%)]	Loss: 7.826379
Train Epoch: 3 [5760/24515 (23%)]	Loss: 7.672909
Train Epoch: 3 [6400/24515 (26%)]	Loss: 8.067955
Train Epoch: 3 [7040/24515 (29%)]	Loss: 7.674126
Train Epoch: 3 [7680/24515 (31%)]	Loss: 7.765145
Train Epoch: 3 [8320/24515 (34%)]	Loss: 7.442192
Train Epoch: 3 [8960/24515 (36%)]	Loss: 7.781852
Train Epoch: 3 [9600/24515 (39%)]	Loss: 7.813120
Train Epoch: 3 [10240/24515 (42%)]	Loss: 7.727121
Train Epoch: 3 [10880/24515 (44%)]	Loss: 7.504659
Train Epoch: 3 [11520/24515 (47%)]	Loss: 7.531681
Train Epoch: 3 [12160/24515 (49%)]	Loss: 7.728672
Train Epoch: 3 [12800/24515 (52%)]	Loss: 7.766921
Train Epoch: 3 [13440/24515 (55%)]	Loss: 7.907734
Train Epoch: 3 [14080/24515 (57%)]	Loss: 7.605587
Train Epoch: 3 [14720/24515 (60%)]	Loss: 7.630519
Train Epoch: 3 [15360/24515 (62%)]	Loss: 7.567560
Train Epoch: 3 [16000/24515 (65%)]	Loss: 7.563917
Train Epoch: 3 [16640/24515 (68%)]	Loss: 7.834550
Train Epoch: 3 [17280/24515 (70%)]	Loss: 7.538169
Train Epoch: 3 [17920/24515 (73%)]	Loss: 7.606653
Train Epoch: 3 [18560/24515 (76%)]	Loss: 7.742358
Train Epoch: 3 [19200/24515 (78%)]	Loss: 7.750601
Train Epoch: 3 [19840/24515 (81%)]	Loss: 7.642365
Train Epoch: 3 [20480/24515 (83%)]	Loss: 7.832240
Train Epoch: 3 [21120/24515 (86%)]	Loss: 7.617640
Train Epoch: 3 [21760/24515 (89%)]	Loss: 7.803478
Train Epoch: 3 [22400/24515 (91%)]	Loss: 7.595152
Train Epoch: 3 [23040/24515 (94%)]	Loss: 7.772711
Train Epoch: 3 [23680/24515 (96%)]	Loss: 7.504255
Train Epoch: 3 [24320/24515 (99%)]	Loss: 7.632662

Test set: Average loss: 7.7104

[33m13:33:12 WARNING: Syncing not active or too slow: Command /work/tc062/tc062/s2501147/autoencoder/1c1f71.command file still exists[0m
[33m13:33:14 WARNING: Syncing not active or too slow: Command /work/tc062/tc062/s2501147/autoencoder/1c1f71.command file still exists[0m
[33m13:33:15 WARNING: Syncing not active or too slow: Command /work/tc062/tc062/s2501147/autoencoder/1c1f71.command file still exists[0m
[33m13:33:16 WARNING: Syncing not active or too slow: Command /work/tc062/tc062/s2501147/autoencoder/1c1f71.command file still exists[0m
[33m13:33:18 WARNING: Syncing not active or too slow: Command /work/tc062/tc062/s2501147/autoencoder/1c1f71.command file still exists[0m
[33m13:33:19 WARNING: Syncing not active or too slow: Command /work/tc062/tc062/s2501147/autoencoder/1c1f71.command file still exists[0m
[33m13:33:21 WARNING: Syncing not active or too slow: Command /work/tc062/tc062/s2501147/autoencoder/1c1f71.command file still exists[0m
[33m13:33:22 WARNING: Syncing not active or too slow: Command /work/tc062/tc062/s2501147/autoencoder/1c1f71.command file still exists[0m
[33m13:33:23 WARNING: Syncing not active or too slow: Command /work/tc062/tc062/s2501147/autoencoder/1c1f71.command file still exists[0m
[33m13:33:25 WARNING: Syncing not active or too slow: Command /work/tc062/tc062/s2501147/autoencoder/1c1f71.command file still exists[0m
[33m13:33:26 WARNING: Syncing not active or too slow: Command /work/tc062/tc062/s2501147/autoencoder/1c1f71.command file still exists[0m
[33m13:33:27 WARNING: Syncing not active or too slow: Command /work/tc062/tc062/s2501147/autoencoder/1c1f71.command file still exists[0m
[33m13:33:29 WARNING: Syncing not active or too slow: Command /work/tc062/tc062/s2501147/autoencoder/1c1f71.command file still exists[0m
[33m13:33:30 WARNING: Syncing not active or too slow: Command /work/tc062/tc062/s2501147/autoencoder/1c1f71.command file still exists[0m
[33m13:33:31 WARNING: Syncing not active or too slow: Command /work/tc062/tc062/s2501147/autoencoder/1c1f71.command file still exists[0m
[33m13:33:32 WARNING: Syncing not active or too slow: Command /work/tc062/tc062/s2501147/autoencoder/1c1f71.command file still exists[0m
[33m13:33:33 WARNING: Syncing not active or too slow: Command /work/tc062/tc062/s2501147/autoencoder/1c1f71.command file still exists[0m
[33m13:33:35 WARNING: Syncing not active or too slow: Command /work/tc062/tc062/s2501147/autoencoder/1c1f71.command file still exists[0m
[33m13:33:36 WARNING: Syncing not active or too slow: Command /work/tc062/tc062/s2501147/autoencoder/1c1f71.command file still exists[0m
[33m13:33:38 WARNING: Syncing not active or too slow: Command /work/tc062/tc062/s2501147/autoencoder/1c1f71.command file still exists[0m
[33m13:33:39 WARNING: Syncing not active or too slow: Command /work/tc062/tc062/s2501147/autoencoder/1c1f71.command file still exists[0m
[33m13:33:41 WARNING: Syncing not active or too slow: Command /work/tc062/tc062/s2501147/autoencoder/1c1f71.command file still exists[0m
[33m13:33:42 WARNING: Syncing not active or too slow: Command /work/tc062/tc062/s2501147/autoencoder/1c1f71.command file still exists[0m
[33m13:33:44 WARNING: Syncing not active or too slow: Command /work/tc062/tc062/s2501147/autoencoder/1c1f71.command file still exists[0m
[33m13:33:46 WARNING: Syncing not active or too slow: Command /work/tc062/tc062/s2501147/autoencoder/1c1f71.command file still exists[0m
[33m13:33:47 WARNING: Syncing not active or too slow: Command /work/tc062/tc062/s2501147/autoencoder/1c1f71.command file still exists[0m
[33m13:33:48 WARNING: Syncing not active or too slow: Command /work/tc062/tc062/s2501147/autoencoder/1c1f71.command file still exists[0m
[33m13:33:49 WARNING: Syncing not active or too slow: Command /work/tc062/tc062/s2501147/autoencoder/1c1f71.command file still exists[0m
[33m13:33:51 WARNING: Syncing not active or too slow: Command /work/tc062/tc062/s2501147/autoencoder/1c1f71.command file still exists[0m
[33m13:33:52 WARNING: Syncing not active or too slow: Command /work/tc062/tc062/s2501147/autoencoder/1c1f71.command file still exists[0m
[33m13:33:54 WARNING: Syncing not active or too slow: Command /work/tc062/tc062/s2501147/autoencoder/1c1f71.command file still exists[0m
[33m13:33:55 WARNING: Syncing not active or too slow: Command /work/tc062/tc062/s2501147/autoencoder/1c1f71.command file still exists[0m
[33m13:33:56 WARNING: Syncing not active or too slow: Command /work/tc062/tc062/s2501147/autoencoder/1c1f71.command file still exists[0m
[33m13:33:58 WARNING: Syncing not active or too slow: Command /work/tc062/tc062/s2501147/autoencoder/1c1f71.command file still exists[0m
[33m13:33:59 WARNING: Syncing not active or too slow: Command /work/tc062/tc062/s2501147/autoencoder/1c1f71.command file still exists[0m
[33m13:34:01 WARNING: Syncing not active or too slow: Command /work/tc062/tc062/s2501147/autoencoder/1c1f71.command file still exists[0m
[33m13:34:02 WARNING: Syncing not active or too slow: Command /work/tc062/tc062/s2501147/autoencoder/1c1f71.command file still exists[0m
[33m13:34:04 WARNING: Syncing not active or too slow: Command /work/tc062/tc062/s2501147/autoencoder/1c1f71.command file still exists[0m
[33m13:34:05 WARNING: Syncing not active or too slow: Command /work/tc062/tc062/s2501147/autoencoder/1c1f71.command file still exists[0m
Train Epoch: 4 [0/24515 (0%)]	Loss: 7.514043
Train Epoch: 4 [640/24515 (3%)]	Loss: 7.856272
Train Epoch: 4 [1280/24515 (5%)]	Loss: 7.909588
Train Epoch: 4 [1920/24515 (8%)]	Loss: 7.771980
Train Epoch: 4 [2560/24515 (10%)]	Loss: 7.553238
Train Epoch: 4 [3200/24515 (13%)]	Loss: 7.572558
Train Epoch: 4 [3840/24515 (16%)]	Loss: 7.585956
Train Epoch: 4 [4480/24515 (18%)]	Loss: 7.810181
Train Epoch: 4 [5120/24515 (21%)]	Loss: 7.678919
Train Epoch: 4 [5760/24515 (23%)]	Loss: 7.491403
Train Epoch: 4 [6400/24515 (26%)]	Loss: 7.396421
Train Epoch: 4 [7040/24515 (29%)]	Loss: 7.510750
Train Epoch: 4 [7680/24515 (31%)]	Loss: 7.846588
Train Epoch: 4 [8320/24515 (34%)]	Loss: 7.757969
Train Epoch: 4 [8960/24515 (36%)]	Loss: 7.618450
Train Epoch: 4 [9600/24515 (39%)]	Loss: 7.398390
Train Epoch: 4 [10240/24515 (42%)]	Loss: 7.800023
Train Epoch: 4 [10880/24515 (44%)]	Loss: 7.510443
Train Epoch: 4 [11520/24515 (47%)]	Loss: 7.787366
Train Epoch: 4 [12160/24515 (49%)]	Loss: 7.591675
Train Epoch: 4 [12800/24515 (52%)]	Loss: 7.743684
Train Epoch: 4 [13440/24515 (55%)]	Loss: 7.549903
Train Epoch: 4 [14080/24515 (57%)]	Loss: 7.860158
Train Epoch: 4 [14720/24515 (60%)]	Loss: 7.459327
Train Epoch: 4 [15360/24515 (62%)]	Loss: 7.720211
Train Epoch: 4 [16000/24515 (65%)]	Loss: 7.499157
Train Epoch: 4 [16640/24515 (68%)]	Loss: 7.523966
Train Epoch: 4 [17280/24515 (70%)]	Loss: 7.647494
Train Epoch: 4 [17920/24515 (73%)]	Loss: 7.877625
Train Epoch: 4 [18560/24515 (76%)]	Loss: 7.479979
Train Epoch: 4 [19200/24515 (78%)]	Loss: 7.791339
Train Epoch: 4 [19840/24515 (81%)]	Loss: 7.446209
Train Epoch: 4 [20480/24515 (83%)]	Loss: 7.467246
Train Epoch: 4 [21120/24515 (86%)]	Loss: 7.948533
Train Epoch: 4 [21760/24515 (89%)]	Loss: 7.865692
Train Epoch: 4 [22400/24515 (91%)]	Loss: 8.045486
Train Epoch: 4 [23040/24515 (94%)]	Loss: 7.546903
Train Epoch: 4 [23680/24515 (96%)]	Loss: 7.651479
Train Epoch: 4 [24320/24515 (99%)]	Loss: 7.508892

Test set: Average loss: 7.7170

[33m13:34:14 WARNING: Syncing not active or too slow: Command /work/tc062/tc062/s2501147/autoencoder/1c1f71.command file still exists[0m
[33m13:34:15 WARNING: Syncing not active or too slow: Command /work/tc062/tc062/s2501147/autoencoder/1c1f71.command file still exists[0m
[33m13:34:17 WARNING: Syncing not active or too slow: Command /work/tc062/tc062/s2501147/autoencoder/1c1f71.command file still exists[0m
[33m13:34:18 WARNING: Syncing not active or too slow: Command /work/tc062/tc062/s2501147/autoencoder/1c1f71.command file still exists[0m
[33m13:34:19 WARNING: Syncing not active or too slow: Command /work/tc062/tc062/s2501147/autoencoder/1c1f71.command file still exists[0m
[33m13:34:21 WARNING: Syncing not active or too slow: Command /work/tc062/tc062/s2501147/autoencoder/1c1f71.command file still exists[0m
[33m13:34:22 WARNING: Syncing not active or too slow: Command /work/tc062/tc062/s2501147/autoencoder/1c1f71.command file still exists[0m
[33m13:34:24 WARNING: Syncing not active or too slow: Command /work/tc062/tc062/s2501147/autoencoder/1c1f71.command file still exists[0m
[33m13:34:25 WARNING: Syncing not active or too slow: Command /work/tc062/tc062/s2501147/autoencoder/1c1f71.command file still exists[0m
[33m13:34:26 WARNING: Syncing not active or too slow: Command /work/tc062/tc062/s2501147/autoencoder/1c1f71.command file still exists[0m
[33m13:34:28 WARNING: Syncing not active or too slow: Command /work/tc062/tc062/s2501147/autoencoder/1c1f71.command file still exists[0m
[33m13:34:29 WARNING: Syncing not active or too slow: Command /work/tc062/tc062/s2501147/autoencoder/1c1f71.command file still exists[0m
[33m13:34:31 WARNING: Syncing not active or too slow: Command /work/tc062/tc062/s2501147/autoencoder/1c1f71.command file still exists[0m
[33m13:34:32 WARNING: Syncing not active or too slow: Command /work/tc062/tc062/s2501147/autoencoder/1c1f71.command file still exists[0m
[33m13:34:33 WARNING: Syncing not active or too slow: Command /work/tc062/tc062/s2501147/autoencoder/1c1f71.command file still exists[0m
[33m13:34:35 WARNING: Syncing not active or too slow: Command /work/tc062/tc062/s2501147/autoencoder/1c1f71.command file still exists[0m
[33m13:34:36 WARNING: Syncing not active or too slow: Command /work/tc062/tc062/s2501147/autoencoder/1c1f71.command file still exists[0m
[33m13:34:37 WARNING: Syncing not active or too slow: Command /work/tc062/tc062/s2501147/autoencoder/1c1f71.command file still exists[0m
[33m13:34:39 WARNING: Syncing not active or too slow: Command /work/tc062/tc062/s2501147/autoencoder/1c1f71.command file still exists[0m
[33m13:34:40 WARNING: Syncing not active or too slow: Command /work/tc062/tc062/s2501147/autoencoder/1c1f71.command file still exists[0m
[33m13:34:41 WARNING: Syncing not active or too slow: Command /work/tc062/tc062/s2501147/autoencoder/1c1f71.command file still exists[0m
[33m13:34:43 WARNING: Syncing not active or too slow: Command /work/tc062/tc062/s2501147/autoencoder/1c1f71.command file still exists[0m
[33m13:34:44 WARNING: Syncing not active or too slow: Command /work/tc062/tc062/s2501147/autoencoder/1c1f71.command file still exists[0m
[33m13:34:45 WARNING: Syncing not active or too slow: Command /work/tc062/tc062/s2501147/autoencoder/1c1f71.command file still exists[0m
[33m13:34:46 WARNING: Syncing not active or too slow: Command /work/tc062/tc062/s2501147/autoencoder/1c1f71.command file still exists[0m
[33m13:34:47 WARNING: Syncing not active or too slow: Command /work/tc062/tc062/s2501147/autoencoder/1c1f71.command file still exists[0m
[33m13:34:49 WARNING: Syncing not active or too slow: Command /work/tc062/tc062/s2501147/autoencoder/1c1f71.command file still exists[0m
[33m13:34:50 WARNING: Syncing not active or too slow: Command /work/tc062/tc062/s2501147/autoencoder/1c1f71.command file still exists[0m
[33m13:34:51 WARNING: Syncing not active or too slow: Command /work/tc062/tc062/s2501147/autoencoder/1c1f71.command file still exists[0m
[33m13:34:52 WARNING: Syncing not active or too slow: Command /work/tc062/tc062/s2501147/autoencoder/1c1f71.command file still exists[0m
[33m13:34:53 WARNING: Syncing not active or too slow: Command /work/tc062/tc062/s2501147/autoencoder/1c1f71.command file still exists[0m
[33m13:34:54 WARNING: Syncing not active or too slow: Command /work/tc062/tc062/s2501147/autoencoder/1c1f71.command file still exists[0m
[33m13:34:55 WARNING: Syncing not active or too slow: Command /work/tc062/tc062/s2501147/autoencoder/1c1f71.command file still exists[0m
[33m13:34:56 WARNING: Syncing not active or too slow: Command /work/tc062/tc062/s2501147/autoencoder/1c1f71.command file still exists[0m
[33m13:34:57 WARNING: Syncing not active or too slow: Command /work/tc062/tc062/s2501147/autoencoder/1c1f71.command file still exists[0m
[33m13:34:58 WARNING: Syncing not active or too slow: Command /work/tc062/tc062/s2501147/autoencoder/1c1f71.command file still exists[0m
[33m13:35:00 WARNING: Syncing not active or too slow: Command /work/tc062/tc062/s2501147/autoencoder/1c1f71.command file still exists[0m
[33m13:35:01 WARNING: Syncing not active or too slow: Command /work/tc062/tc062/s2501147/autoencoder/1c1f71.command file still exists[0m
[33m13:35:02 WARNING: Syncing not active or too slow: Command /work/tc062/tc062/s2501147/autoencoder/1c1f71.command file still exists[0m
Train Epoch: 5 [0/24515 (0%)]	Loss: 7.457073
Train Epoch: 5 [640/24515 (3%)]	Loss: 7.532068
Train Epoch: 5 [1280/24515 (5%)]	Loss: 7.611306
Train Epoch: 5 [1920/24515 (8%)]	Loss: 7.801747
Train Epoch: 5 [2560/24515 (10%)]	Loss: 7.597568
Train Epoch: 5 [3200/24515 (13%)]	Loss: 7.722146
Train Epoch: 5 [3840/24515 (16%)]	Loss: 7.929781
Train Epoch: 5 [4480/24515 (18%)]	Loss: 7.297314
Train Epoch: 5 [5120/24515 (21%)]	Loss: 7.773155
Train Epoch: 5 [5760/24515 (23%)]	Loss: 7.578548
Train Epoch: 5 [6400/24515 (26%)]	Loss: 7.567307
Train Epoch: 5 [7040/24515 (29%)]	Loss: 7.552955
Train Epoch: 5 [7680/24515 (31%)]	Loss: 7.556910
Train Epoch: 5 [8320/24515 (34%)]	Loss: 7.618700
Train Epoch: 5 [8960/24515 (36%)]	Loss: 7.657506
Train Epoch: 5 [9600/24515 (39%)]	Loss: 7.361581
Train Epoch: 5 [10240/24515 (42%)]	Loss: 7.673679
Train Epoch: 5 [10880/24515 (44%)]	Loss: 7.616026
Train Epoch: 5 [11520/24515 (47%)]	Loss: 7.566422
Train Epoch: 5 [12160/24515 (49%)]	Loss: 7.368130
Train Epoch: 5 [12800/24515 (52%)]	Loss: 7.873496
Train Epoch: 5 [13440/24515 (55%)]	Loss: 7.630312
Train Epoch: 5 [14080/24515 (57%)]	Loss: 8.164197
Train Epoch: 5 [14720/24515 (60%)]	Loss: 7.694526
Train Epoch: 5 [15360/24515 (62%)]	Loss: 7.559368
Train Epoch: 5 [16000/24515 (65%)]	Loss: 7.894364
Train Epoch: 5 [16640/24515 (68%)]	Loss: 7.864513
Train Epoch: 5 [17280/24515 (70%)]	Loss: 7.495753
Train Epoch: 5 [17920/24515 (73%)]	Loss: 7.682318
Train Epoch: 5 [18560/24515 (76%)]	Loss: 7.793855
Train Epoch: 5 [19200/24515 (78%)]	Loss: 7.841894
Train Epoch: 5 [19840/24515 (81%)]	Loss: 7.314384
Train Epoch: 5 [20480/24515 (83%)]	Loss: 7.806533
Train Epoch: 5 [21120/24515 (86%)]	Loss: 7.620066
Train Epoch: 5 [21760/24515 (89%)]	Loss: 7.554010
Train Epoch: 5 [22400/24515 (91%)]	Loss: 7.578589
Train Epoch: 5 [23040/24515 (94%)]	Loss: 7.693081
Train Epoch: 5 [23680/24515 (96%)]	Loss: 7.543092
Train Epoch: 5 [24320/24515 (99%)]	Loss: 7.752679

Test set: Average loss: 7.6219

[33m13:35:09 WARNING: Syncing not active or too slow: Command /work/tc062/tc062/s2501147/autoencoder/1c1f71.command file still exists[0m
[33m13:35:11 WARNING: Syncing not active or too slow: Command /work/tc062/tc062/s2501147/autoencoder/1c1f71.command file still exists[0m
[33m13:35:11 WARNING: Syncing not active or too slow: Command /work/tc062/tc062/s2501147/autoencoder/1c1f71.command file still exists[0m
[33m13:35:12 WARNING: Syncing not active or too slow: Command /work/tc062/tc062/s2501147/autoencoder/1c1f71.command file still exists[0m
[33m13:35:13 WARNING: Syncing not active or too slow: Command /work/tc062/tc062/s2501147/autoencoder/1c1f71.command file still exists[0m
[33m13:35:15 WARNING: Syncing not active or too slow: Command /work/tc062/tc062/s2501147/autoencoder/1c1f71.command file still exists[0m
[33m13:35:16 WARNING: Syncing not active or too slow: Command /work/tc062/tc062/s2501147/autoencoder/1c1f71.command file still exists[0m
[33m13:35:17 WARNING: Syncing not active or too slow: Command /work/tc062/tc062/s2501147/autoencoder/1c1f71.command file still exists[0m
[33m13:35:17 WARNING: Syncing not active or too slow: Command /work/tc062/tc062/s2501147/autoencoder/1c1f71.command file still exists[0m
[33m13:35:19 WARNING: Syncing not active or too slow: Command /work/tc062/tc062/s2501147/autoencoder/1c1f71.command file still exists[0m
[33m13:35:19 WARNING: Syncing not active or too slow: Command /work/tc062/tc062/s2501147/autoencoder/1c1f71.command file still exists[0m
[33m13:35:20 WARNING: Syncing not active or too slow: Command /work/tc062/tc062/s2501147/autoencoder/1c1f71.command file still exists[0m
[33m13:35:22 WARNING: Syncing not active or too slow: Command /work/tc062/tc062/s2501147/autoencoder/1c1f71.command file still exists[0m
[33m13:35:22 WARNING: Syncing not active or too slow: Command /work/tc062/tc062/s2501147/autoencoder/1c1f71.command file still exists[0m
[33m13:35:24 WARNING: Syncing not active or too slow: Command /work/tc062/tc062/s2501147/autoencoder/1c1f71.command file still exists[0m
[33m13:35:24 WARNING: Syncing not active or too slow: Command /work/tc062/tc062/s2501147/autoencoder/1c1f71.command file still exists[0m
[33m13:35:25 WARNING: Syncing not active or too slow: Command /work/tc062/tc062/s2501147/autoencoder/1c1f71.command file still exists[0m
[33m13:35:26 WARNING: Syncing not active or too slow: Command /work/tc062/tc062/s2501147/autoencoder/1c1f71.command file still exists[0m
[33m13:35:27 WARNING: Syncing not active or too slow: Command /work/tc062/tc062/s2501147/autoencoder/1c1f71.command file still exists[0m
[33m13:35:28 WARNING: Syncing not active or too slow: Command /work/tc062/tc062/s2501147/autoencoder/1c1f71.command file still exists[0m
[33m13:35:29 WARNING: Syncing not active or too slow: Command /work/tc062/tc062/s2501147/autoencoder/1c1f71.command file still exists[0m
[33m13:35:30 WARNING: Syncing not active or too slow: Command /work/tc062/tc062/s2501147/autoencoder/1c1f71.command file still exists[0m
[33m13:35:31 WARNING: Syncing not active or too slow: Command /work/tc062/tc062/s2501147/autoencoder/1c1f71.command file still exists[0m
[33m13:35:32 WARNING: Syncing not active or too slow: Command /work/tc062/tc062/s2501147/autoencoder/1c1f71.command file still exists[0m
[33m13:35:33 WARNING: Syncing not active or too slow: Command /work/tc062/tc062/s2501147/autoencoder/1c1f71.command file still exists[0m
[33m13:35:34 WARNING: Syncing not active or too slow: Command /work/tc062/tc062/s2501147/autoencoder/1c1f71.command file still exists[0m
[33m13:35:34 WARNING: Syncing not active or too slow: Command /work/tc062/tc062/s2501147/autoencoder/1c1f71.command file still exists[0m
[33m13:35:35 WARNING: Syncing not active or too slow: Command /work/tc062/tc062/s2501147/autoencoder/1c1f71.command file still exists[0m
[33m13:35:36 WARNING: Syncing not active or too slow: Command /work/tc062/tc062/s2501147/autoencoder/1c1f71.command file still exists[0m
[33m13:35:37 WARNING: Syncing not active or too slow: Command /work/tc062/tc062/s2501147/autoencoder/1c1f71.command file still exists[0m
[33m13:35:39 WARNING: Syncing not active or too slow: Command /work/tc062/tc062/s2501147/autoencoder/1c1f71.command file still exists[0m
[33m13:35:40 WARNING: Syncing not active or too slow: Command /work/tc062/tc062/s2501147/autoencoder/1c1f71.command file still exists[0m
[33m13:35:41 WARNING: Syncing not active or too slow: Command /work/tc062/tc062/s2501147/autoencoder/1c1f71.command file still exists[0m
[33m13:35:42 WARNING: Syncing not active or too slow: Command /work/tc062/tc062/s2501147/autoencoder/1c1f71.command file still exists[0m
[33m13:35:42 WARNING: Syncing not active or too slow: Command /work/tc062/tc062/s2501147/autoencoder/1c1f71.command file still exists[0m
[33m13:35:43 WARNING: Syncing not active or too slow: Command /work/tc062/tc062/s2501147/autoencoder/1c1f71.command file still exists[0m
[33m13:35:44 WARNING: Syncing not active or too slow: Command /work/tc062/tc062/s2501147/autoencoder/1c1f71.command file still exists[0m
[33m13:35:45 WARNING: Syncing not active or too slow: Command /work/tc062/tc062/s2501147/autoencoder/1c1f71.command file still exists[0m
[33m13:35:46 WARNING: Syncing not active or too slow: Command /work/tc062/tc062/s2501147/autoencoder/1c1f71.command file still exists[0m
Train Epoch: 6 [0/24515 (0%)]	Loss: 7.930901
Train Epoch: 6 [640/24515 (3%)]	Loss: 7.642238
Train Epoch: 6 [1280/24515 (5%)]	Loss: 7.850552
Train Epoch: 6 [1920/24515 (8%)]	Loss: 7.545460
Train Epoch: 6 [2560/24515 (10%)]	Loss: 7.747219
Train Epoch: 6 [3200/24515 (13%)]	Loss: 7.753458
Train Epoch: 6 [3840/24515 (16%)]	Loss: 7.490738
Train Epoch: 6 [4480/24515 (18%)]	Loss: 7.663633
Train Epoch: 6 [5120/24515 (21%)]	Loss: 7.492343
Train Epoch: 6 [5760/24515 (23%)]	Loss: 7.623650
Train Epoch: 6 [6400/24515 (26%)]	Loss: 7.619064
Train Epoch: 6 [7040/24515 (29%)]	Loss: 7.636086
Train Epoch: 6 [7680/24515 (31%)]	Loss: 7.517496
Train Epoch: 6 [8320/24515 (34%)]	Loss: 7.468622
Train Epoch: 6 [8960/24515 (36%)]	Loss: 7.472620
Train Epoch: 6 [9600/24515 (39%)]	Loss: 7.776251
Train Epoch: 6 [10240/24515 (42%)]	Loss: 7.495591
Train Epoch: 6 [10880/24515 (44%)]	Loss: 7.752821
Train Epoch: 6 [11520/24515 (47%)]	Loss: 7.390647
Train Epoch: 6 [12160/24515 (49%)]	Loss: 7.562734
Train Epoch: 6 [12800/24515 (52%)]	Loss: 7.213552
Train Epoch: 6 [13440/24515 (55%)]	Loss: 7.949402
Train Epoch: 6 [14080/24515 (57%)]	Loss: 7.802744
Train Epoch: 6 [14720/24515 (60%)]	Loss: 7.399595
Train Epoch: 6 [15360/24515 (62%)]	Loss: 7.879286
Train Epoch: 6 [16000/24515 (65%)]	Loss: 7.485693
Train Epoch: 6 [16640/24515 (68%)]	Loss: 7.585596
Train Epoch: 6 [17280/24515 (70%)]	Loss: 7.693999
Train Epoch: 6 [17920/24515 (73%)]	Loss: 7.590843
Train Epoch: 6 [18560/24515 (76%)]	Loss: 7.846502
Train Epoch: 6 [19200/24515 (78%)]	Loss: 7.895628
Train Epoch: 6 [19840/24515 (81%)]	Loss: 7.696974
Train Epoch: 6 [20480/24515 (83%)]	Loss: 7.451712
Train Epoch: 6 [21120/24515 (86%)]	Loss: 7.813513
Train Epoch: 6 [21760/24515 (89%)]	Loss: 7.638112
Train Epoch: 6 [22400/24515 (91%)]	Loss: 7.389441
Train Epoch: 6 [23040/24515 (94%)]	Loss: 7.513963
Train Epoch: 6 [23680/24515 (96%)]	Loss: 7.511042
Train Epoch: 6 [24320/24515 (99%)]	Loss: 7.714042

Test set: Average loss: 7.5751

[33m13:35:52 WARNING: Syncing not active or too slow: Command /work/tc062/tc062/s2501147/autoencoder/1c1f71.command file still exists[0m
[33m13:35:53 WARNING: Syncing not active or too slow: Command /work/tc062/tc062/s2501147/autoencoder/1c1f71.command file still exists[0m
[33m13:35:54 WARNING: Syncing not active or too slow: Command /work/tc062/tc062/s2501147/autoencoder/1c1f71.command file still exists[0m
[33m13:35:55 WARNING: Syncing not active or too slow: Command /work/tc062/tc062/s2501147/autoencoder/1c1f71.command file still exists[0m
[33m13:35:56 WARNING: Syncing not active or too slow: Command /work/tc062/tc062/s2501147/autoencoder/1c1f71.command file still exists[0m
[33m13:35:57 WARNING: Syncing not active or too slow: Command /work/tc062/tc062/s2501147/autoencoder/1c1f71.command file still exists[0m
[33m13:35:58 WARNING: Syncing not active or too slow: Command /work/tc062/tc062/s2501147/autoencoder/1c1f71.command file still exists[0m
[33m13:35:59 WARNING: Syncing not active or too slow: Command /work/tc062/tc062/s2501147/autoencoder/1c1f71.command file still exists[0m
[33m13:36:00 WARNING: Syncing not active or too slow: Command /work/tc062/tc062/s2501147/autoencoder/1c1f71.command file still exists[0m
[33m13:36:00 WARNING: Syncing not active or too slow: Command /work/tc062/tc062/s2501147/autoencoder/1c1f71.command file still exists[0m
[33m13:36:01 WARNING: Syncing not active or too slow: Command /work/tc062/tc062/s2501147/autoencoder/1c1f71.command file still exists[0m
[33m13:36:02 WARNING: Syncing not active or too slow: Command /work/tc062/tc062/s2501147/autoencoder/1c1f71.command file still exists[0m
[33m13:36:03 WARNING: Syncing not active or too slow: Command /work/tc062/tc062/s2501147/autoencoder/1c1f71.command file still exists[0m
[33m13:36:03 WARNING: Syncing not active or too slow: Command /work/tc062/tc062/s2501147/autoencoder/1c1f71.command file still exists[0m
[33m13:36:04 WARNING: Syncing not active or too slow: Command /work/tc062/tc062/s2501147/autoencoder/1c1f71.command file still exists[0m
[33m13:36:05 WARNING: Syncing not active or too slow: Command /work/tc062/tc062/s2501147/autoencoder/1c1f71.command file still exists[0m
[33m13:36:06 WARNING: Syncing not active or too slow: Command /work/tc062/tc062/s2501147/autoencoder/1c1f71.command file still exists[0m
[33m13:36:07 WARNING: Syncing not active or too slow: Command /work/tc062/tc062/s2501147/autoencoder/1c1f71.command file still exists[0m
[33m13:36:08 WARNING: Syncing not active or too slow: Command /work/tc062/tc062/s2501147/autoencoder/1c1f71.command file still exists[0m
[33m13:36:08 WARNING: Syncing not active or too slow: Command /work/tc062/tc062/s2501147/autoencoder/1c1f71.command file still exists[0m
[33m13:36:09 WARNING: Syncing not active or too slow: Command /work/tc062/tc062/s2501147/autoencoder/1c1f71.command file still exists[0m
[33m13:36:10 WARNING: Syncing not active or too slow: Command /work/tc062/tc062/s2501147/autoencoder/1c1f71.command file still exists[0m
[33m13:36:11 WARNING: Syncing not active or too slow: Command /work/tc062/tc062/s2501147/autoencoder/1c1f71.command file still exists[0m
[33m13:36:12 WARNING: Syncing not active or too slow: Command /work/tc062/tc062/s2501147/autoencoder/1c1f71.command file still exists[0m
[33m13:36:13 WARNING: Syncing not active or too slow: Command /work/tc062/tc062/s2501147/autoencoder/1c1f71.command file still exists[0m
[33m13:36:14 WARNING: Syncing not active or too slow: Command /work/tc062/tc062/s2501147/autoencoder/1c1f71.command file still exists[0m
[33m13:36:15 WARNING: Syncing not active or too slow: Command /work/tc062/tc062/s2501147/autoencoder/1c1f71.command file still exists[0m
[33m13:36:15 WARNING: Syncing not active or too slow: Command /work/tc062/tc062/s2501147/autoencoder/1c1f71.command file still exists[0m
[33m13:36:16 WARNING: Syncing not active or too slow: Command /work/tc062/tc062/s2501147/autoencoder/1c1f71.command file still exists[0m
[33m13:36:17 WARNING: Syncing not active or too slow: Command /work/tc062/tc062/s2501147/autoencoder/1c1f71.command file still exists[0m
[33m13:36:18 WARNING: Syncing not active or too slow: Command /work/tc062/tc062/s2501147/autoencoder/1c1f71.command file still exists[0m
[33m13:36:19 WARNING: Syncing not active or too slow: Command /work/tc062/tc062/s2501147/autoencoder/1c1f71.command file still exists[0m
[33m13:36:20 WARNING: Syncing not active or too slow: Command /work/tc062/tc062/s2501147/autoencoder/1c1f71.command file still exists[0m
[33m13:36:21 WARNING: Syncing not active or too slow: Command /work/tc062/tc062/s2501147/autoencoder/1c1f71.command file still exists[0m
[33m13:36:22 WARNING: Syncing not active or too slow: Command /work/tc062/tc062/s2501147/autoencoder/1c1f71.command file still exists[0m
[33m13:36:23 WARNING: Syncing not active or too slow: Command /work/tc062/tc062/s2501147/autoencoder/1c1f71.command file still exists[0m
[33m13:36:23 WARNING: Syncing not active or too slow: Command /work/tc062/tc062/s2501147/autoencoder/1c1f71.command file still exists[0m
[33m13:36:24 WARNING: Syncing not active or too slow: Command /work/tc062/tc062/s2501147/autoencoder/1c1f71.command file still exists[0m
[33m13:36:25 WARNING: Syncing not active or too slow: Command /work/tc062/tc062/s2501147/autoencoder/1c1f71.command file still exists[0m
Train Epoch: 7 [0/24515 (0%)]	Loss: 7.795499
Train Epoch: 7 [640/24515 (3%)]	Loss: 7.661274
Train Epoch: 7 [1280/24515 (5%)]	Loss: 7.705973
Train Epoch: 7 [1920/24515 (8%)]	Loss: 7.841681
Train Epoch: 7 [2560/24515 (10%)]	Loss: 7.368078
Train Epoch: 7 [3200/24515 (13%)]	Loss: 7.894837
Train Epoch: 7 [3840/24515 (16%)]	Loss: 7.767986
Train Epoch: 7 [4480/24515 (18%)]	Loss: 7.325874
Train Epoch: 7 [5120/24515 (21%)]	Loss: 7.785429
Train Epoch: 7 [5760/24515 (23%)]	Loss: 7.286007
Train Epoch: 7 [6400/24515 (26%)]	Loss: 7.641920
Train Epoch: 7 [7040/24515 (29%)]	Loss: 7.462119
Train Epoch: 7 [7680/24515 (31%)]	Loss: 7.402107
Train Epoch: 7 [8320/24515 (34%)]	Loss: 7.610354
Train Epoch: 7 [8960/24515 (36%)]	Loss: 7.721969
Train Epoch: 7 [9600/24515 (39%)]	Loss: 7.912851
Train Epoch: 7 [10240/24515 (42%)]	Loss: 7.478928
Train Epoch: 7 [10880/24515 (44%)]	Loss: 7.846018
Train Epoch: 7 [11520/24515 (47%)]	Loss: 7.840023
Train Epoch: 7 [12160/24515 (49%)]	Loss: 7.780248
Train Epoch: 7 [12800/24515 (52%)]	Loss: 7.342479
Train Epoch: 7 [13440/24515 (55%)]	Loss: 7.499720
Train Epoch: 7 [14080/24515 (57%)]	Loss: 7.719069
Train Epoch: 7 [14720/24515 (60%)]	Loss: 7.316838
Train Epoch: 7 [15360/24515 (62%)]	Loss: 7.462922
Train Epoch: 7 [16000/24515 (65%)]	Loss: 7.563241
Train Epoch: 7 [16640/24515 (68%)]	Loss: 6.884426
Train Epoch: 7 [17280/24515 (70%)]	Loss: 7.841611
Train Epoch: 7 [17920/24515 (73%)]	Loss: 7.095987
Train Epoch: 7 [18560/24515 (76%)]	Loss: 7.634838
Train Epoch: 7 [19200/24515 (78%)]	Loss: 7.614435
Train Epoch: 7 [19840/24515 (81%)]	Loss: 7.612895
Train Epoch: 7 [20480/24515 (83%)]	Loss: 7.560243
Train Epoch: 7 [21120/24515 (86%)]	Loss: 7.682029
Train Epoch: 7 [21760/24515 (89%)]	Loss: 7.582041
Train Epoch: 7 [22400/24515 (91%)]	Loss: 7.771400
Train Epoch: 7 [23040/24515 (94%)]	Loss: 7.419229
Train Epoch: 7 [23680/24515 (96%)]	Loss: 7.506840
Train Epoch: 7 [24320/24515 (99%)]	Loss: 7.597288

Test set: Average loss: 7.5795

[33m13:36:30 WARNING: Syncing not active or too slow: Command /work/tc062/tc062/s2501147/autoencoder/1c1f71.command file still exists[0m
[33m13:36:31 WARNING: Syncing not active or too slow: Command /work/tc062/tc062/s2501147/autoencoder/1c1f71.command file still exists[0m
[33m13:36:32 WARNING: Syncing not active or too slow: Command /work/tc062/tc062/s2501147/autoencoder/1c1f71.command file still exists[0m
[33m13:36:33 WARNING: Syncing not active or too slow: Command /work/tc062/tc062/s2501147/autoencoder/1c1f71.command file still exists[0m
[33m13:36:34 WARNING: Syncing not active or too slow: Command /work/tc062/tc062/s2501147/autoencoder/1c1f71.command file still exists[0m
[33m13:36:35 WARNING: Syncing not active or too slow: Command /work/tc062/tc062/s2501147/autoencoder/1c1f71.command file still exists[0m
[33m13:36:36 WARNING: Syncing not active or too slow: Command /work/tc062/tc062/s2501147/autoencoder/1c1f71.command file still exists[0m
[33m13:36:37 WARNING: Syncing not active or too slow: Command /work/tc062/tc062/s2501147/autoencoder/1c1f71.command file still exists[0m
[33m13:36:38 WARNING: Syncing not active or too slow: Command /work/tc062/tc062/s2501147/autoencoder/1c1f71.command file still exists[0m
[33m13:36:39 WARNING: Syncing not active or too slow: Command /work/tc062/tc062/s2501147/autoencoder/1c1f71.command file still exists[0m
[33m13:36:40 WARNING: Syncing not active or too slow: Command /work/tc062/tc062/s2501147/autoencoder/1c1f71.command file still exists[0m
[33m13:36:41 WARNING: Syncing not active or too slow: Command /work/tc062/tc062/s2501147/autoencoder/1c1f71.command file still exists[0m
[33m13:36:41 WARNING: Syncing not active or too slow: Command /work/tc062/tc062/s2501147/autoencoder/1c1f71.command file still exists[0m
[33m13:36:42 WARNING: Syncing not active or too slow: Command /work/tc062/tc062/s2501147/autoencoder/1c1f71.command file still exists[0m
[33m13:36:43 WARNING: Syncing not active or too slow: Command /work/tc062/tc062/s2501147/autoencoder/1c1f71.command file still exists[0m
[33m13:36:44 WARNING: Syncing not active or too slow: Command /work/tc062/tc062/s2501147/autoencoder/1c1f71.command file still exists[0m
[33m13:36:45 WARNING: Syncing not active or too slow: Command /work/tc062/tc062/s2501147/autoencoder/1c1f71.command file still exists[0m
[33m13:36:46 WARNING: Syncing not active or too slow: Command /work/tc062/tc062/s2501147/autoencoder/1c1f71.command file still exists[0m
[33m13:36:47 WARNING: Syncing not active or too slow: Command /work/tc062/tc062/s2501147/autoencoder/1c1f71.command file still exists[0m
[33m13:36:48 WARNING: Syncing not active or too slow: Command /work/tc062/tc062/s2501147/autoencoder/1c1f71.command file still exists[0m
[33m13:36:49 WARNING: Syncing not active or too slow: Command /work/tc062/tc062/s2501147/autoencoder/1c1f71.command file still exists[0m
[33m13:36:50 WARNING: Syncing not active or too slow: Command /work/tc062/tc062/s2501147/autoencoder/1c1f71.command file still exists[0m
[33m13:36:51 WARNING: Syncing not active or too slow: Command /work/tc062/tc062/s2501147/autoencoder/1c1f71.command file still exists[0m
[33m13:36:52 WARNING: Syncing not active or too slow: Command /work/tc062/tc062/s2501147/autoencoder/1c1f71.command file still exists[0m
[33m13:36:52 WARNING: Syncing not active or too slow: Command /work/tc062/tc062/s2501147/autoencoder/1c1f71.command file still exists[0m
[33m13:36:53 WARNING: Syncing not active or too slow: Command /work/tc062/tc062/s2501147/autoencoder/1c1f71.command file still exists[0m
[33m13:36:55 WARNING: Syncing not active or too slow: Command /work/tc062/tc062/s2501147/autoencoder/1c1f71.command file still exists[0m
[33m13:36:56 WARNING: Syncing not active or too slow: Command /work/tc062/tc062/s2501147/autoencoder/1c1f71.command file still exists[0m
[33m13:36:57 WARNING: Syncing not active or too slow: Command /work/tc062/tc062/s2501147/autoencoder/1c1f71.command file still exists[0m
[33m13:36:58 WARNING: Syncing not active or too slow: Command /work/tc062/tc062/s2501147/autoencoder/1c1f71.command file still exists[0m
[33m13:36:59 WARNING: Syncing not active or too slow: Command /work/tc062/tc062/s2501147/autoencoder/1c1f71.command file still exists[0m
[33m13:37:00 WARNING: Syncing not active or too slow: Command /work/tc062/tc062/s2501147/autoencoder/1c1f71.command file still exists[0m
[33m13:37:01 WARNING: Syncing not active or too slow: Command /work/tc062/tc062/s2501147/autoencoder/1c1f71.command file still exists[0m
[33m13:37:02 WARNING: Syncing not active or too slow: Command /work/tc062/tc062/s2501147/autoencoder/1c1f71.command file still exists[0m
[33m13:37:03 WARNING: Syncing not active or too slow: Command /work/tc062/tc062/s2501147/autoencoder/1c1f71.command file still exists[0m
[33m13:37:04 WARNING: Syncing not active or too slow: Command /work/tc062/tc062/s2501147/autoencoder/1c1f71.command file still exists[0m
[33m13:37:05 WARNING: Syncing not active or too slow: Command /work/tc062/tc062/s2501147/autoencoder/1c1f71.command file still exists[0m
[33m13:37:06 WARNING: Syncing not active or too slow: Command /work/tc062/tc062/s2501147/autoencoder/1c1f71.command file still exists[0m
[33m13:37:07 WARNING: Syncing not active or too slow: Command /work/tc062/tc062/s2501147/autoencoder/1c1f71.command file still exists[0m
Train Epoch: 8 [0/24515 (0%)]	Loss: 7.606783
Train Epoch: 8 [640/24515 (3%)]	Loss: 7.558241
Train Epoch: 8 [1280/24515 (5%)]	Loss: 7.546930
Train Epoch: 8 [1920/24515 (8%)]	Loss: 7.573062
Train Epoch: 8 [2560/24515 (10%)]	Loss: 7.627967
Train Epoch: 8 [3200/24515 (13%)]	Loss: 7.374085
Train Epoch: 8 [3840/24515 (16%)]	Loss: 7.681684
Train Epoch: 8 [4480/24515 (18%)]	Loss: 7.396655
Train Epoch: 8 [5120/24515 (21%)]	Loss: 7.466930
Train Epoch: 8 [5760/24515 (23%)]	Loss: 7.965108
Train Epoch: 8 [6400/24515 (26%)]	Loss: 7.407447
Train Epoch: 8 [7040/24515 (29%)]	Loss: 7.494948
Train Epoch: 8 [7680/24515 (31%)]	Loss: 7.702012
Train Epoch: 8 [8320/24515 (34%)]	Loss: 7.285544
Train Epoch: 8 [8960/24515 (36%)]	Loss: 7.677168
Train Epoch: 8 [9600/24515 (39%)]	Loss: 7.556343
Train Epoch: 8 [10240/24515 (42%)]	Loss: 7.768903
Train Epoch: 8 [10880/24515 (44%)]	Loss: 7.516316
Train Epoch: 8 [11520/24515 (47%)]	Loss: 7.478926
Train Epoch: 8 [12160/24515 (49%)]	Loss: 7.444657
Train Epoch: 8 [12800/24515 (52%)]	Loss: 7.499220
Train Epoch: 8 [13440/24515 (55%)]	Loss: 7.423652
Train Epoch: 8 [14080/24515 (57%)]	Loss: 7.758506
Train Epoch: 8 [14720/24515 (60%)]	Loss: 7.446781
Train Epoch: 8 [15360/24515 (62%)]	Loss: 7.496560
Train Epoch: 8 [16000/24515 (65%)]	Loss: 7.414933
Train Epoch: 8 [16640/24515 (68%)]	Loss: 7.537246
Train Epoch: 8 [17280/24515 (70%)]	Loss: 7.622614
Train Epoch: 8 [17920/24515 (73%)]	Loss: 7.429231
Train Epoch: 8 [18560/24515 (76%)]	Loss: 7.728252
Train Epoch: 8 [19200/24515 (78%)]	Loss: 7.695138
Train Epoch: 8 [19840/24515 (81%)]	Loss: 7.428590
Train Epoch: 8 [20480/24515 (83%)]	Loss: 7.562516
Train Epoch: 8 [21120/24515 (86%)]	Loss: 7.461244
Train Epoch: 8 [21760/24515 (89%)]	Loss: 7.711842
Train Epoch: 8 [22400/24515 (91%)]	Loss: 7.484550
Train Epoch: 8 [23040/24515 (94%)]	Loss: 7.519946
Train Epoch: 8 [23680/24515 (96%)]	Loss: 7.686023
Train Epoch: 8 [24320/24515 (99%)]	Loss: 7.857224

Test set: Average loss: 7.5676

[33m13:37:11 WARNING: Syncing not active or too slow: Command /work/tc062/tc062/s2501147/autoencoder/1c1f71.command file still exists[0m
[33m13:37:12 WARNING: Syncing not active or too slow: Command /work/tc062/tc062/s2501147/autoencoder/1c1f71.command file still exists[0m
[33m13:37:13 WARNING: Syncing not active or too slow: Command /work/tc062/tc062/s2501147/autoencoder/1c1f71.command file still exists[0m
[33m13:37:14 WARNING: Syncing not active or too slow: Command /work/tc062/tc062/s2501147/autoencoder/1c1f71.command file still exists[0m
[33m13:37:15 WARNING: Syncing not active or too slow: Command /work/tc062/tc062/s2501147/autoencoder/1c1f71.command file still exists[0m
[33m13:37:16 WARNING: Syncing not active or too slow: Command /work/tc062/tc062/s2501147/autoencoder/1c1f71.command file still exists[0m
[33m13:37:17 WARNING: Syncing not active or too slow: Command /work/tc062/tc062/s2501147/autoencoder/1c1f71.command file still exists[0m
[33m13:37:17 WARNING: Syncing not active or too slow: Command /work/tc062/tc062/s2501147/autoencoder/1c1f71.command file still exists[0m
[33m13:37:18 WARNING: Syncing not active or too slow: Command /work/tc062/tc062/s2501147/autoencoder/1c1f71.command file still exists[0m
[33m13:37:19 WARNING: Syncing not active or too slow: Command /work/tc062/tc062/s2501147/autoencoder/1c1f71.command file still exists[0m
[33m13:37:20 WARNING: Syncing not active or too slow: Command /work/tc062/tc062/s2501147/autoencoder/1c1f71.command file still exists[0m
[33m13:37:21 WARNING: Syncing not active or too slow: Command /work/tc062/tc062/s2501147/autoencoder/1c1f71.command file still exists[0m
[33m13:37:22 WARNING: Syncing not active or too slow: Command /work/tc062/tc062/s2501147/autoencoder/1c1f71.command file still exists[0m
[33m13:37:22 WARNING: Syncing not active or too slow: Command /work/tc062/tc062/s2501147/autoencoder/1c1f71.command file still exists[0m
[33m13:37:23 WARNING: Syncing not active or too slow: Command /work/tc062/tc062/s2501147/autoencoder/1c1f71.command file still exists[0m
[33m13:37:24 WARNING: Syncing not active or too slow: Command /work/tc062/tc062/s2501147/autoencoder/1c1f71.command file still exists[0m
[33m13:37:25 WARNING: Syncing not active or too slow: Command /work/tc062/tc062/s2501147/autoencoder/1c1f71.command file still exists[0m
[33m13:37:25 WARNING: Syncing not active or too slow: Command /work/tc062/tc062/s2501147/autoencoder/1c1f71.command file still exists[0m
[33m13:37:26 WARNING: Syncing not active or too slow: Command /work/tc062/tc062/s2501147/autoencoder/1c1f71.command file still exists[0m
[33m13:37:27 WARNING: Syncing not active or too slow: Command /work/tc062/tc062/s2501147/autoencoder/1c1f71.command file still exists[0m
[33m13:37:27 WARNING: Syncing not active or too slow: Command /work/tc062/tc062/s2501147/autoencoder/1c1f71.command file still exists[0m
[33m13:37:28 WARNING: Syncing not active or too slow: Command /work/tc062/tc062/s2501147/autoencoder/1c1f71.command file still exists[0m
[33m13:37:29 WARNING: Syncing not active or too slow: Command /work/tc062/tc062/s2501147/autoencoder/1c1f71.command file still exists[0m
[33m13:37:29 WARNING: Syncing not active or too slow: Command /work/tc062/tc062/s2501147/autoencoder/1c1f71.command file still exists[0m
[33m13:37:30 WARNING: Syncing not active or too slow: Command /work/tc062/tc062/s2501147/autoencoder/1c1f71.command file still exists[0m
[33m13:37:31 WARNING: Syncing not active or too slow: Command /work/tc062/tc062/s2501147/autoencoder/1c1f71.command file still exists[0m
[33m13:37:31 WARNING: Syncing not active or too slow: Command /work/tc062/tc062/s2501147/autoencoder/1c1f71.command file still exists[0m
[33m13:37:32 WARNING: Syncing not active or too slow: Command /work/tc062/tc062/s2501147/autoencoder/1c1f71.command file still exists[0m
[33m13:37:33 WARNING: Syncing not active or too slow: Command /work/tc062/tc062/s2501147/autoencoder/1c1f71.command file still exists[0m
[33m13:37:33 WARNING: Syncing not active or too slow: Command /work/tc062/tc062/s2501147/autoencoder/1c1f71.command file still exists[0m
[33m13:37:34 WARNING: Syncing not active or too slow: Command /work/tc062/tc062/s2501147/autoencoder/1c1f71.command file still exists[0m
[33m13:37:35 WARNING: Syncing not active or too slow: Command /work/tc062/tc062/s2501147/autoencoder/1c1f71.command file still exists[0m
[33m13:37:36 WARNING: Syncing not active or too slow: Command /work/tc062/tc062/s2501147/autoencoder/1c1f71.command file still exists[0m
[33m13:37:36 WARNING: Syncing not active or too slow: Command /work/tc062/tc062/s2501147/autoencoder/1c1f71.command file still exists[0m
[33m13:37:37 WARNING: Syncing not active or too slow: Command /work/tc062/tc062/s2501147/autoencoder/1c1f71.command file still exists[0m
[33m13:37:38 WARNING: Syncing not active or too slow: Command /work/tc062/tc062/s2501147/autoencoder/1c1f71.command file still exists[0m
[33m13:37:39 WARNING: Syncing not active or too slow: Command /work/tc062/tc062/s2501147/autoencoder/1c1f71.command file still exists[0m
[33m13:37:39 WARNING: Syncing not active or too slow: Command /work/tc062/tc062/s2501147/autoencoder/1c1f71.command file still exists[0m
[33m13:37:40 WARNING: Syncing not active or too slow: Command /work/tc062/tc062/s2501147/autoencoder/1c1f71.command file still exists[0m
Train Epoch: 9 [0/24515 (0%)]	Loss: 7.606566
Train Epoch: 9 [640/24515 (3%)]	Loss: 7.599233
Train Epoch: 9 [1280/24515 (5%)]	Loss: 7.545602
Train Epoch: 9 [1920/24515 (8%)]	Loss: 7.301721
Train Epoch: 9 [2560/24515 (10%)]	Loss: 7.385981
Train Epoch: 9 [3200/24515 (13%)]	Loss: 7.648664
Train Epoch: 9 [3840/24515 (16%)]	Loss: 7.430653
Train Epoch: 9 [4480/24515 (18%)]	Loss: 7.520153
Train Epoch: 9 [5120/24515 (21%)]	Loss: 7.637476
Train Epoch: 9 [5760/24515 (23%)]	Loss: 7.559630
Train Epoch: 9 [6400/24515 (26%)]	Loss: 7.646423
Train Epoch: 9 [7040/24515 (29%)]	Loss: 7.536362
Train Epoch: 9 [7680/24515 (31%)]	Loss: 7.630476
Train Epoch: 9 [8320/24515 (34%)]	Loss: 7.718295
Train Epoch: 9 [8960/24515 (36%)]	Loss: 7.673968
Train Epoch: 9 [9600/24515 (39%)]	Loss: 7.400718
Train Epoch: 9 [10240/24515 (42%)]	Loss: 7.719642
Train Epoch: 9 [10880/24515 (44%)]	Loss: 7.703039
Train Epoch: 9 [11520/24515 (47%)]	Loss: 7.530444
Train Epoch: 9 [12160/24515 (49%)]	Loss: 7.768068
Train Epoch: 9 [12800/24515 (52%)]	Loss: 7.465280
Train Epoch: 9 [13440/24515 (55%)]	Loss: 7.353662
Train Epoch: 9 [14080/24515 (57%)]	Loss: 7.513750
Train Epoch: 9 [14720/24515 (60%)]	Loss: 7.375505
Train Epoch: 9 [15360/24515 (62%)]	Loss: 7.435905
Train Epoch: 9 [16000/24515 (65%)]	Loss: 7.411256
Train Epoch: 9 [16640/24515 (68%)]	Loss: 7.582217
Train Epoch: 9 [17280/24515 (70%)]	Loss: 7.591534
Train Epoch: 9 [17920/24515 (73%)]	Loss: 7.812661
Train Epoch: 9 [18560/24515 (76%)]	Loss: 7.472870
Train Epoch: 9 [19200/24515 (78%)]	Loss: 7.880518
Train Epoch: 9 [19840/24515 (81%)]	Loss: 7.222301
Train Epoch: 9 [20480/24515 (83%)]	Loss: 7.505460
Train Epoch: 9 [21120/24515 (86%)]	Loss: 7.514064
Train Epoch: 9 [21760/24515 (89%)]	Loss: 7.645427
Train Epoch: 9 [22400/24515 (91%)]	Loss: 7.643876
Train Epoch: 9 [23040/24515 (94%)]	Loss: 7.070493
Train Epoch: 9 [23680/24515 (96%)]	Loss: 7.751936
Train Epoch: 9 [24320/24515 (99%)]	Loss: 7.641489

Test set: Average loss: 7.5660

[33m13:37:43 WARNING: Syncing not active or too slow: Command /work/tc062/tc062/s2501147/autoencoder/1c1f71.command file still exists[0m
[33m13:37:44 WARNING: Syncing not active or too slow: Command /work/tc062/tc062/s2501147/autoencoder/1c1f71.command file still exists[0m
[33m13:37:44 WARNING: Syncing not active or too slow: Command /work/tc062/tc062/s2501147/autoencoder/1c1f71.command file still exists[0m
[33m13:37:45 WARNING: Syncing not active or too slow: Command /work/tc062/tc062/s2501147/autoencoder/1c1f71.command file still exists[0m
[33m13:37:46 WARNING: Syncing not active or too slow: Command /work/tc062/tc062/s2501147/autoencoder/1c1f71.command file still exists[0m
[33m13:37:46 WARNING: Syncing not active or too slow: Command /work/tc062/tc062/s2501147/autoencoder/1c1f71.command file still exists[0m
[33m13:37:47 WARNING: Syncing not active or too slow: Command /work/tc062/tc062/s2501147/autoencoder/1c1f71.command file still exists[0m
[33m13:37:47 WARNING: Syncing not active or too slow: Command /work/tc062/tc062/s2501147/autoencoder/1c1f71.command file still exists[0m
[33m13:37:48 WARNING: Syncing not active or too slow: Command /work/tc062/tc062/s2501147/autoencoder/1c1f71.command file still exists[0m
[33m13:37:48 WARNING: Syncing not active or too slow: Command /work/tc062/tc062/s2501147/autoencoder/1c1f71.command file still exists[0m
[33m13:37:49 WARNING: Syncing not active or too slow: Command /work/tc062/tc062/s2501147/autoencoder/1c1f71.command file still exists[0m
[33m13:37:50 WARNING: Syncing not active or too slow: Command /work/tc062/tc062/s2501147/autoencoder/1c1f71.command file still exists[0m
[33m13:37:50 WARNING: Syncing not active or too slow: Command /work/tc062/tc062/s2501147/autoencoder/1c1f71.command file still exists[0m
[33m13:37:51 WARNING: Syncing not active or too slow: Command /work/tc062/tc062/s2501147/autoencoder/1c1f71.command file still exists[0m
[33m13:37:51 WARNING: Syncing not active or too slow: Command /work/tc062/tc062/s2501147/autoencoder/1c1f71.command file still exists[0m
[33m13:37:52 WARNING: Syncing not active or too slow: Command /work/tc062/tc062/s2501147/autoencoder/1c1f71.command file still exists[0m
[33m13:37:53 WARNING: Syncing not active or too slow: Command /work/tc062/tc062/s2501147/autoencoder/1c1f71.command file still exists[0m
[33m13:37:53 WARNING: Syncing not active or too slow: Command /work/tc062/tc062/s2501147/autoencoder/1c1f71.command file still exists[0m
[33m13:37:54 WARNING: Syncing not active or too slow: Command /work/tc062/tc062/s2501147/autoencoder/1c1f71.command file still exists[0m
[33m13:37:54 WARNING: Syncing not active or too slow: Command /work/tc062/tc062/s2501147/autoencoder/1c1f71.command file still exists[0m
[33m13:37:55 WARNING: Syncing not active or too slow: Command /work/tc062/tc062/s2501147/autoencoder/1c1f71.command file still exists[0m
[33m13:37:55 WARNING: Syncing not active or too slow: Command /work/tc062/tc062/s2501147/autoencoder/1c1f71.command file still exists[0m
[33m13:37:56 WARNING: Syncing not active or too slow: Command /work/tc062/tc062/s2501147/autoencoder/1c1f71.command file still exists[0m
[33m13:37:57 WARNING: Syncing not active or too slow: Command /work/tc062/tc062/s2501147/autoencoder/1c1f71.command file still exists[0m
[33m13:37:57 WARNING: Syncing not active or too slow: Command /work/tc062/tc062/s2501147/autoencoder/1c1f71.command file still exists[0m
[33m13:37:58 WARNING: Syncing not active or too slow: Command /work/tc062/tc062/s2501147/autoencoder/1c1f71.command file still exists[0m
[33m13:37:58 WARNING: Syncing not active or too slow: Command /work/tc062/tc062/s2501147/autoencoder/1c1f71.command file still exists[0m
[33m13:37:59 WARNING: Syncing not active or too slow: Command /work/tc062/tc062/s2501147/autoencoder/1c1f71.command file still exists[0m
[33m13:37:59 WARNING: Syncing not active or too slow: Command /work/tc062/tc062/s2501147/autoencoder/1c1f71.command file still exists[0m
[33m13:38:00 WARNING: Syncing not active or too slow: Command /work/tc062/tc062/s2501147/autoencoder/1c1f71.command file still exists[0m
[33m13:38:01 WARNING: Syncing not active or too slow: Command /work/tc062/tc062/s2501147/autoencoder/1c1f71.command file still exists[0m
[33m13:38:01 WARNING: Syncing not active or too slow: Command /work/tc062/tc062/s2501147/autoencoder/1c1f71.command file still exists[0m
[33m13:38:02 WARNING: Syncing not active or too slow: Command /work/tc062/tc062/s2501147/autoencoder/1c1f71.command file still exists[0m
[33m13:38:02 WARNING: Syncing not active or too slow: Command /work/tc062/tc062/s2501147/autoencoder/1c1f71.command file still exists[0m
[33m13:38:03 WARNING: Syncing not active or too slow: Command /work/tc062/tc062/s2501147/autoencoder/1c1f71.command file still exists[0m
[33m13:38:03 WARNING: Syncing not active or too slow: Command /work/tc062/tc062/s2501147/autoencoder/1c1f71.command file still exists[0m
[33m13:38:04 WARNING: Syncing not active or too slow: Command /work/tc062/tc062/s2501147/autoencoder/1c1f71.command file still exists[0m
[33m13:38:04 WARNING: Syncing not active or too slow: Command /work/tc062/tc062/s2501147/autoencoder/1c1f71.command file still exists[0m
[33m13:38:05 WARNING: Syncing not active or too slow: Command /work/tc062/tc062/s2501147/autoencoder/1c1f71.command file still exists[0m
Train Epoch: 10 [0/24515 (0%)]	Loss: 7.826999
Train Epoch: 10 [640/24515 (3%)]	Loss: 7.568545
Train Epoch: 10 [1280/24515 (5%)]	Loss: 7.491544
Train Epoch: 10 [1920/24515 (8%)]	Loss: 7.478704
Train Epoch: 10 [2560/24515 (10%)]	Loss: 7.582612
Train Epoch: 10 [3200/24515 (13%)]	Loss: 7.721575
Train Epoch: 10 [3840/24515 (16%)]	Loss: 7.575864
Train Epoch: 10 [4480/24515 (18%)]	Loss: 7.470643
Train Epoch: 10 [5120/24515 (21%)]	Loss: 7.588657
Train Epoch: 10 [5760/24515 (23%)]	Loss: 7.287529
Train Epoch: 10 [6400/24515 (26%)]	Loss: 7.551506
Train Epoch: 10 [7040/24515 (29%)]	Loss: 7.593822
Train Epoch: 10 [7680/24515 (31%)]	Loss: 7.691771
Train Epoch: 10 [8320/24515 (34%)]	Loss: 7.456464
Train Epoch: 10 [8960/24515 (36%)]	Loss: 7.845869
Train Epoch: 10 [9600/24515 (39%)]	Loss: 7.646577
Train Epoch: 10 [10240/24515 (42%)]	Loss: 7.320995
Train Epoch: 10 [10880/24515 (44%)]	Loss: 7.613338
Train Epoch: 10 [11520/24515 (47%)]	Loss: 7.449902
Train Epoch: 10 [12160/24515 (49%)]	Loss: 7.611795
Train Epoch: 10 [12800/24515 (52%)]	Loss: 7.565286
Train Epoch: 10 [13440/24515 (55%)]	Loss: 7.675200
Train Epoch: 10 [14080/24515 (57%)]	Loss: 7.645898
Train Epoch: 10 [14720/24515 (60%)]	Loss: 7.522379
Train Epoch: 10 [15360/24515 (62%)]	Loss: 7.596444
Train Epoch: 10 [16000/24515 (65%)]	Loss: 7.494231
Train Epoch: 10 [16640/24515 (68%)]	Loss: 7.455827
Train Epoch: 10 [17280/24515 (70%)]	Loss: 7.714509
Train Epoch: 10 [17920/24515 (73%)]	Loss: 7.744965
Train Epoch: 10 [18560/24515 (76%)]	Loss: 7.566230
Train Epoch: 10 [19200/24515 (78%)]	Loss: 7.547783
Train Epoch: 10 [19840/24515 (81%)]	Loss: 7.820830
Train Epoch: 10 [20480/24515 (83%)]	Loss: 7.562044
Train Epoch: 10 [21120/24515 (86%)]	Loss: 7.640135
Train Epoch: 10 [21760/24515 (89%)]	Loss: 7.468941
Train Epoch: 10 [22400/24515 (91%)]	Loss: 7.467113
Train Epoch: 10 [23040/24515 (94%)]	Loss: 7.541828
Train Epoch: 10 [23680/24515 (96%)]	Loss: 7.478434
Train Epoch: 10 [24320/24515 (99%)]	Loss: 7.585530

Test set: Average loss: 7.5649

wandb: 
wandb: Run history:
wandb: loss █▆▅▄▄▂▃▃▂▂▃▂▃▂▃▃▃▂▃▁▃▂▃▂▃▂▂▂▂▂▃▃▁▁▁▂▂▁▂▂
wandb: 
wandb: Run summary:
wandb: loss 7.58553
wandb: 
wandb: You can sync this run to the cloud by running:
wandb: wandb sync /work/tc062/tc062/s2501147/autoencoder/wandb/offline-run-20240621_132720-ekaf3y1h
wandb: Find logs at: /work/tc062/tc062/s2501147/autoencoder/wandb/offline-run-20240621_132720-ekaf3y1h/logs
